0 info it worked if it ends with ok
1 verbose cli [ '/usr/bin/node',
1 verbose cli   '/usr/bin/npm',
1 verbose cli   'install',
1 verbose cli   '-g',
1 verbose cli   'generator-meanio' ]
2 info using npm@1.4.28
3 info using node@v0.10.33
4 verbose node symlink /usr/bin/node
5 verbose cache add [ 'generator-meanio', null ]
6 verbose cache add name=undefined spec="generator-meanio" args=["generator-meanio",null]
7 verbose parsed url { protocol: null,
7 verbose parsed url   slashes: null,
7 verbose parsed url   auth: null,
7 verbose parsed url   host: null,
7 verbose parsed url   port: null,
7 verbose parsed url   hostname: null,
7 verbose parsed url   hash: null,
7 verbose parsed url   search: null,
7 verbose parsed url   query: null,
7 verbose parsed url   pathname: 'generator-meanio',
7 verbose parsed url   path: 'generator-meanio',
7 verbose parsed url   href: 'generator-meanio' }
8 silly lockFile 692098a2-generator-meanio generator-meanio
9 verbose lock generator-meanio /home/renyufei/.npm/692098a2-generator-meanio.lock
10 silly lockFile 692098a2-generator-meanio generator-meanio
11 silly lockFile 692098a2-generator-meanio generator-meanio
12 verbose addNamed [ 'generator-meanio', '' ]
13 verbose addNamed [ null, '*' ]
14 silly lockFile 7e16d667-generator-meanio generator-meanio@
15 verbose lock generator-meanio@ /home/renyufei/.npm/7e16d667-generator-meanio.lock
16 silly addNameRange { name: 'generator-meanio', range: '*', hasData: false }
17 verbose request where is /generator-meanio
18 verbose request registry https://registry.npmjs.org/
19 verbose request id b268c7f20938e71a
20 verbose url raw /generator-meanio
21 verbose url resolving [ 'https://registry.npmjs.org/', './generator-meanio' ]
22 verbose url resolved https://registry.npmjs.org/generator-meanio
23 verbose request where is https://registry.npmjs.org/generator-meanio
24 info trying registry request attempt 1 at 07:57:21
25 http GET https://registry.npmjs.org/generator-meanio
26 info retry will retry, error on last attempt: Error: getaddrinfo ENOTFOUND
27 info trying registry request attempt 2 at 07:57:31
28 http GET https://registry.npmjs.org/generator-meanio
29 info retry will retry, error on last attempt: Error: getaddrinfo ENOTFOUND
30 info trying registry request attempt 3 at 07:58:31
31 http GET https://registry.npmjs.org/generator-meanio
32 silly lockFile 7e16d667-generator-meanio generator-meanio@
33 silly lockFile 7e16d667-generator-meanio generator-meanio@
34 error network getaddrinfo ENOTFOUND
34 error network This is most likely not a problem with npm itself
34 error network and is related to network connectivity.
34 error network In most cases you are behind a proxy or have bad network settings.
34 error network
34 error network If you are behind a proxy, please make sure that the
34 error network 'proxy' config is set properly.  See: 'npm help config'
35 error System Linux 3.13.0-40-generic
36 error command "/usr/bin/node" "/usr/bin/npm" "install" "-g" "generator-meanio"
37 error cwd /home/renyufei/juggler
38 error node -v v0.10.33
39 error npm -v 1.4.28
40 error syscall getaddrinfo
41 error code ENOTFOUND
42 error errno ENOTFOUND
43 verbose exit [ 1, true ]
